#
# There is insufficient memory for the Java Runtime Environment to continue.
# Native memory allocation (malloc) failed to allocate 230336 bytes for Chunk::new
# Possible reasons:
#   The system is out of physical RAM or swap space
#   The process is running with CompressedOops enabled, and the Java Heap may be blocking the growth of the native heap
# Possible solutions:
#   Reduce memory load on the system
#   Increase physical memory or swap space
#   Check if swap backing store is full
#   Decrease Java heap size (-Xmx/-Xms)
#   Decrease number of Java threads
#   Decrease Java thread stack sizes (-Xss)
#   Set larger code cache with -XX:ReservedCodeCacheSize=
#   JVM is running with Unscaled Compressed Oops mode in which the Java heap is
#     placed in the first 4GB address space. The Java Heap base address is the
#     maximum limit for the native heap growth. Please use -XX:HeapBaseMinAddress
#     to set the Java Heap base and to place the Java Heap above 4GB virtual address.
# This output file may be truncated or incomplete.
#
#  Out of Memory Error (allocation.cpp:389), pid=15292, tid=0x0000000000002dd0
#
# JRE version: OpenJDK Runtime Environment (8.0_242-b01) (build 1.8.0_242-release-1644-b01)
# Java VM: OpenJDK 64-Bit Server VM (25.242-b01 mixed mode windows-amd64 compressed oops)
# Failed to write core dump. Minidumps are not enabled by default on client versions of Windows
#

---------------  T H R E A D  ---------------

Current thread (0x0000000018a56800):  JavaThread "C2 CompilerThread1" daemon [_thread_in_native, id=11728, stack(0x0000000019430000,0x0000000019530000)]

Stack: [0x0000000019430000,0x0000000019530000]
[error occurred during error reporting (printing stack bounds), id 0xc0000005]

Native frames: (J=compiled Java code, j=interpreted, Vv=VM code, C=native code)


Current CompileTask:
C2:  14229 4659       4       java.util.AbstractCollection::addAll (42 bytes)


---------------  P R O C E S S  ---------------

Java Threads: ( => current thread )
  0x000000001bedf000 JavaThread "pool-1-thread-1" [_thread_blocked, id=1228, stack(0x0000000028c80000,0x0000000028d80000)]
  0x000000001f7a7000 JavaThread "Cache worker for Build Output Cleanup Cache (C:\Users\ronie\Android\Pytaco\.gradle\buildOutputCleanup)" [_thread_blocked, id=10892, stack(0x0000000028980000,0x0000000028a80000)]
  0x000000001f7a5800 JavaThread "jar transforms Thread 92" [_thread_blocked, id=13392, stack(0x0000000028680000,0x0000000028780000)]
  0x000000001f7a3800 JavaThread "jar transforms Thread 91" [_thread_blocked, id=11852, stack(0x0000000028580000,0x0000000028680000)]
  0x000000001f7a2800 JavaThread "jar transforms Thread 90" [_thread_blocked, id=10096, stack(0x0000000028480000,0x0000000028580000)]
  0x000000001f7a2000 JavaThread "jar transforms Thread 89" [_thread_blocked, id=6704, stack(0x0000000028380000,0x0000000028480000)]
  0x000000001f7a5000 JavaThread "jar transforms Thread 88" [_thread_blocked, id=8764, stack(0x0000000028280000,0x0000000028380000)]
  0x000000001f7a1000 JavaThread "jar transforms Thread 87" [_thread_blocked, id=15476, stack(0x0000000028180000,0x0000000028280000)]
  0x000000001f7a4000 JavaThread "jar transforms Thread 86" [_thread_blocked, id=19600, stack(0x0000000028080000,0x0000000028180000)]
  0x000000001f799800 JavaThread "jar transforms Thread 85" [_thread_blocked, id=17364, stack(0x0000000027f80000,0x0000000028080000)]
  0x000000001f7a0800 JavaThread "jar transforms Thread 84" [_thread_blocked, id=19740, stack(0x0000000027e80000,0x0000000027f80000)]
  0x000000001f799000 JavaThread "jar transforms Thread 83" [_thread_blocked, id=7628, stack(0x0000000027d80000,0x0000000027e80000)]
  0x000000001f79d800 JavaThread "jar transforms Thread 82" [_thread_blocked, id=7856, stack(0x0000000027c80000,0x0000000027d80000)]
  0x000000001f79f800 JavaThread "jar transforms Thread 81" [_thread_blocked, id=12728, stack(0x0000000027b80000,0x0000000027c80000)]
  0x000000001f79c000 JavaThread "jar transforms Thread 80" [_thread_blocked, id=14816, stack(0x0000000027a80000,0x0000000027b80000)]
  0x000000001f79e000 JavaThread "jar transforms Thread 79" [_thread_blocked, id=12604, stack(0x0000000027980000,0x0000000027a80000)]
  0x000000001f79a800 JavaThread "jar transforms Thread 78" [_thread_blocked, id=8252, stack(0x0000000027880000,0x0000000027980000)]
  0x000000001f79b000 JavaThread "jar transforms Thread 77" [_thread_blocked, id=12328, stack(0x0000000027780000,0x0000000027880000)]
  0x000000001f79c800 JavaThread "jar transforms Thread 76" [_thread_blocked, id=10052, stack(0x0000000027680000,0x0000000027780000)]
  0x000000001f79f000 JavaThread "jar transforms Thread 75" [_thread_blocked, id=13804, stack(0x0000000027580000,0x0000000027680000)]
  0x000000001e6bd000 JavaThread "jar transforms Thread 74" [_thread_blocked, id=1124, stack(0x0000000027480000,0x0000000027580000)]
  0x000000001e6c0800 JavaThread "jar transforms Thread 73" [_thread_blocked, id=9656, stack(0x0000000027380000,0x0000000027480000)]
  0x000000001e6ba800 JavaThread "jar transforms Thread 72" [_thread_blocked, id=18884, stack(0x0000000027280000,0x0000000027380000)]
  0x000000001e6c0000 JavaThread "jar transforms Thread 71" [_thread_blocked, id=3100, stack(0x0000000027180000,0x0000000027280000)]
  0x000000001e6bf000 JavaThread "jar transforms Thread 70" [_thread_blocked, id=16660, stack(0x0000000027080000,0x0000000027180000)]
  0x000000001e6be800 JavaThread "jar transforms Thread 69" [_thread_blocked, id=9244, stack(0x0000000026f80000,0x0000000027080000)]
  0x000000001e6bd800 JavaThread "jar transforms Thread 68" [_thread_blocked, id=14456, stack(0x0000000026e80000,0x0000000026f80000)]
  0x000000001e6bc000 JavaThread "jar transforms Thread 67" [_thread_blocked, id=18984, stack(0x0000000026d80000,0x0000000026e80000)]
  0x000000001e6b5800 JavaThread "jar transforms Thread 66" [_thread_blocked, id=18128, stack(0x0000000026c80000,0x0000000026d80000)]
  0x000000001e6ba000 JavaThread "jar transforms Thread 65" [_thread_blocked, id=19924, stack(0x0000000026b80000,0x0000000026c80000)]
  0x000000001e6b9000 JavaThread "jar transforms Thread 64" [_thread_blocked, id=17840, stack(0x0000000026a80000,0x0000000026b80000)]
  0x000000001e6bb800 JavaThread "jar transforms Thread 63" [_thread_blocked, id=16732, stack(0x0000000026980000,0x0000000026a80000)]
  0x000000001e6b1800 JavaThread "jar transforms Thread 62" [_thread_blocked, id=15440, stack(0x0000000026880000,0x0000000026980000)]
  0x000000001e6b4800 JavaThread "jar transforms Thread 61" [_thread_blocked, id=20568, stack(0x0000000026780000,0x0000000026880000)]
  0x000000001e6b8800 JavaThread "jar transforms Thread 60" [_thread_blocked, id=10356, stack(0x0000000026680000,0x0000000026780000)]
  0x000000001e6b2800 JavaThread "jar transforms Thread 59" [_thread_blocked, id=14488, stack(0x0000000026580000,0x0000000026680000)]
  0x000000001e6b7800 JavaThread "jar transforms Thread 58" [_thread_blocked, id=3564, stack(0x0000000026480000,0x0000000026580000)]
  0x000000001e6b7000 JavaThread "jar transforms Thread 57" [_thread_blocked, id=3584, stack(0x0000000026380000,0x0000000026480000)]
  0x000000001e6b3000 JavaThread "jar transforms Thread 56" [_thread_blocked, id=17544, stack(0x0000000026280000,0x0000000026380000)]
  0x000000001e6b4000 JavaThread "jar transforms Thread 55" [_thread_blocked, id=11384, stack(0x0000000026180000,0x0000000026280000)]
  0x000000001e6b6000 JavaThread "jar transforms Thread 54" [_thread_blocked, id=19064, stack(0x0000000026080000,0x0000000026180000)]
  0x000000001f80e000 JavaThread "jar transforms Thread 53" [_thread_blocked, id=16748, stack(0x0000000025f80000,0x0000000026080000)]
  0x000000001f80d800 JavaThread "jar transforms Thread 52" [_thread_blocked, id=5000, stack(0x0000000025e80000,0x0000000025f80000)]
  0x000000001f80a800 JavaThread "jar transforms Thread 51" [_thread_blocked, id=14940, stack(0x0000000025d80000,0x0000000025e80000)]
  0x000000001f809000 JavaThread "jar transforms Thread 50" [_thread_blocked, id=18340, stack(0x0000000025c80000,0x0000000025d80000)]
  0x000000001f80c800 JavaThread "jar transforms Thread 49" [_thread_blocked, id=12644, stack(0x0000000025b80000,0x0000000025c80000)]
  0x000000001f80c000 JavaThread "jar transforms Thread 48" [_thread_blocked, id=3892, stack(0x0000000025a80000,0x0000000025b80000)]
  0x000000001f807800 JavaThread "jar transforms Thread 47" [_thread_blocked, id=8444, stack(0x0000000025980000,0x0000000025a80000)]
  0x000000001f809800 JavaThread "jar transforms Thread 46" [_thread_blocked, id=18116, stack(0x0000000025880000,0x0000000025980000)]
  0x000000001f80b000 JavaThread "jar transforms Thread 45" [_thread_blocked, id=14992, stack(0x0000000025780000,0x0000000025880000)]
  0x000000001f803000 JavaThread "jar transforms Thread 44" [_thread_blocked, id=2116, stack(0x0000000025680000,0x0000000025780000)]
  0x000000001f808000 JavaThread "jar transforms Thread 43" [_thread_blocked, id=2624, stack(0x0000000025580000,0x0000000025680000)]
  0x000000001f806800 JavaThread "jar transforms Thread 42" [_thread_blocked, id=13404, stack(0x0000000025480000,0x0000000025580000)]
  0x000000001f800000 JavaThread "jar transforms Thread 41" [_thread_blocked, id=19644, stack(0x0000000025380000,0x0000000025480000)]
  0x000000001f801800 JavaThread "jar transforms Thread 40" [_thread_blocked, id=14340, stack(0x0000000025280000,0x0000000025380000)]
  0x000000001f7ff000 JavaThread "jar transforms Thread 39" [_thread_blocked, id=11488, stack(0x0000000025180000,0x0000000025280000)]
  0x000000001f800800 JavaThread "jar transforms Thread 38" [_thread_blocked, id=15692, stack(0x0000000025080000,0x0000000025180000)]
  0x000000001f804800 JavaThread "jar transforms Thread 37" [_thread_blocked, id=15452, stack(0x0000000024f80000,0x0000000025080000)]
  0x000000001f806000 JavaThread "jar transforms Thread 36" [_thread_blocked, id=19464, stack(0x0000000024e80000,0x0000000024f80000)]
  0x000000001f802000 JavaThread "jar transforms Thread 35" [_thread_blocked, id=14344, stack(0x0000000024d80000,0x0000000024e80000)]
  0x000000001f805000 JavaThread "jar transforms Thread 34" [_thread_blocked, id=15964, stack(0x0000000024c80000,0x0000000024d80000)]
  0x000000001f803800 JavaThread "jar transforms Thread 33" [_thread_blocked, id=15008, stack(0x0000000024b80000,0x0000000024c80000)]
  0x000000001ecf2000 JavaThread "jar transforms Thread 32" [_thread_blocked, id=11112, stack(0x0000000024a80000,0x0000000024b80000)]
  0x000000001ecf1000 JavaThread "jar transforms Thread 31" [_thread_blocked, id=4764, stack(0x0000000024980000,0x0000000024a80000)]
  0x000000001ecf0800 JavaThread "jar transforms Thread 30" [_thread_blocked, id=3916, stack(0x0000000024880000,0x0000000024980000)]
  0x000000001ecef800 JavaThread "jar transforms Thread 29" [_thread_blocked, id=12256, stack(0x0000000024780000,0x0000000024880000)]
  0x000000001ecef000 JavaThread "jar transforms Thread 28" [_thread_blocked, id=12216, stack(0x0000000024680000,0x0000000024780000)]
  0x000000001ece7800 JavaThread "jar transforms Thread 27" [_thread_blocked, id=15576, stack(0x0000000024580000,0x0000000024680000)]
  0x000000001ecee000 JavaThread "jar transforms Thread 26" [_thread_blocked, id=12108, stack(0x0000000024480000,0x0000000024580000)]
  0x000000001ecec000 JavaThread "jar transforms Thread 25" [_thread_blocked, id=6196, stack(0x0000000024380000,0x0000000024480000)]
  0x000000001eced800 JavaThread "jar transforms Thread 24" [_thread_blocked, id=2944, stack(0x0000000024280000,0x0000000024380000)]
  0x000000001ece6800 JavaThread "jar transforms Thread 23" [_thread_blocked, id=15552, stack(0x0000000024180000,0x0000000024280000)]
  0x000000001eceb000 JavaThread "jar transforms Thread 22" [_thread_blocked, id=8048, stack(0x0000000024080000,0x0000000024180000)]
  0x000000001ecec800 JavaThread "jar transforms Thread 21" [_thread_blocked, id=20896, stack(0x0000000023f80000,0x0000000024080000)]
  0x000000001ecea800 JavaThread "jar transforms Thread 20" [_thread_blocked, id=1604, stack(0x0000000023e80000,0x0000000023f80000)]
  0x000000001ece4000 JavaThread "jar transforms Thread 19" [_thread_blocked, id=11756, stack(0x0000000023d80000,0x0000000023e80000)]
  0x000000001ece5000 JavaThread "jar transforms Thread 18" [_thread_blocked, id=10660, stack(0x0000000023c80000,0x0000000023d80000)]
  0x000000001ece6000 JavaThread "jar transforms Thread 17" [_thread_blocked, id=20432, stack(0x0000000023b80000,0x0000000023c80000)]
  0x000000001ece2800 JavaThread "jar transforms Thread 16" [_thread_blocked, id=6060, stack(0x0000000023a80000,0x0000000023b80000)]
  0x000000001ece9800 JavaThread "jar transforms Thread 15" [_thread_blocked, id=10532, stack(0x0000000023980000,0x0000000023a80000)]
  0x000000001ece9000 JavaThread "jar transforms Thread 14" [_thread_blocked, id=16816, stack(0x0000000023880000,0x0000000023980000)]
  0x000000001ece8000 JavaThread "jar transforms Thread 13" [_thread_blocked, id=2420, stack(0x0000000023780000,0x0000000023880000)]
  0x000000001ece3800 JavaThread "jar transforms Thread 12" [_thread_blocked, id=16692, stack(0x0000000023680000,0x0000000023780000)]
  0x000000001b6f0800 JavaThread "jar transforms Thread 11" [_thread_blocked, id=20392, stack(0x0000000023580000,0x0000000023680000)]
  0x000000001b6f0000 JavaThread "jar transforms Thread 10" [_thread_blocked, id=8928, stack(0x0000000023480000,0x0000000023580000)]
  0x000000001b6ef000 JavaThread "jar transforms Thread 9" [_thread_blocked, id=11744, stack(0x0000000023380000,0x0000000023480000)]
  0x000000001b6ed800 JavaThread "jar transforms Thread 8" [_thread_blocked, id=5244, stack(0x0000000023280000,0x0000000023380000)]
  0x000000001b6ed000 JavaThread "jar transforms Thread 7" [_thread_blocked, id=7388, stack(0x0000000023180000,0x0000000023280000)]
  0x000000001b6f1800 JavaThread "jar transforms Thread 6" [_thread_blocked, id=19244, stack(0x0000000023080000,0x0000000023180000)]
  0x000000001b6ee800 JavaThread "jar transforms Thread 5" [_thread_blocked, id=15820, stack(0x0000000022f80000,0x0000000023080000)]
  0x000000001b6ec000 JavaThread "jar transforms Thread 4" [_thread_blocked, id=17972, stack(0x0000000022e80000,0x0000000022f80000)]
  0x000000001b6e4800 JavaThread "jar transforms Thread 3" [_thread_blocked, id=508, stack(0x0000000022d80000,0x0000000022e80000)]
  0x000000001b6eb800 JavaThread "jar transforms Thread 2" [_thread_blocked, id=12292, stack(0x0000000022c80000,0x0000000022d80000)]
  0x000000001b6ea800 JavaThread "Build operations Thread 8" [_thread_blocked, id=8588, stack(0x0000000022b80000,0x0000000022c80000)]
  0x000000001b6e3000 JavaThread "Build operations Thread 7" [_thread_blocked, id=18008, stack(0x0000000022a80000,0x0000000022b80000)]
  0x000000001b6e8800 JavaThread "Build operations Thread 6" [_thread_blocked, id=6952, stack(0x0000000022980000,0x0000000022a80000)]
  0x000000001b6e4000 JavaThread "Build operations Thread 5" [_thread_blocked, id=18540, stack(0x0000000022880000,0x0000000022980000)]
  0x000000001b6e6000 JavaThread "Build operations Thread 4" [_thread_blocked, id=19272, stack(0x0000000022780000,0x0000000022880000)]
  0x000000001b6ea000 JavaThread "Build operations Thread 3" [_thread_blocked, id=8632, stack(0x0000000022680000,0x0000000022780000)]
  0x000000001b6e7800 JavaThread "Build operations Thread 2" [_thread_blocked, id=17984, stack(0x0000000022580000,0x0000000022680000)]
  0x000000001b6e2800 JavaThread "Build operations" [_thread_blocked, id=7296, stack(0x0000000022480000,0x0000000022580000)]
  0x000000001b5ba000 JavaThread "Cache worker for file content cache (C:\Users\ronie\.gradle\caches\6.5\fileContent)" [_thread_blocked, id=1416, stack(0x0000000021d80000,0x0000000021e80000)]
  0x000000001b5bf800 JavaThread "jar transforms" [_thread_blocked, id=12576, stack(0x0000000021c80000,0x0000000021d80000)]
  0x000000001b5be800 JavaThread "Cache worker for execution history cache (C:\Users\ronie\.gradle\caches\6.5\executionHistory)" [_thread_blocked, id=14020, stack(0x0000000021580000,0x0000000021680000)]
  0x000000001b5bd000 JavaThread "Cache worker for cache directory md-rule (C:\Users\ronie\.gradle\caches\6.5\md-rule)" [_thread_blocked, id=11020, stack(0x0000000021480000,0x0000000021580000)]
  0x000000001b5c0000 JavaThread "Cache worker for cache directory md-supplier (C:\Users\ronie\.gradle\caches\6.5\md-supplier)" [_thread_blocked, id=9432, stack(0x0000000020120000,0x0000000020220000)]
  0x000000001b5bc800 JavaThread "Cache worker for checksums cache (C:\Users\ronie\Android\Pytaco\.gradle\checksums)" [_thread_blocked, id=10380, stack(0x0000000020020000,0x0000000020120000)]
  0x000000001b5be000 JavaThread "Cache worker for file hash cache (C:\Users\ronie\Android\Pytaco\.gradle\6.5\fileHashes)" [_thread_blocked, id=12832, stack(0x000000001ed40000,0x000000001ee40000)]
  0x000000001b5bb000 JavaThread "Cache worker for file hash cache (C:\Users\ronie\.gradle\caches\6.5\fileHashes)" [_thread_blocked, id=13468, stack(0x000000001da70000,0x000000001db70000)]
  0x000000001b5bb800 JavaThread "File lock request listener" [_thread_in_native, id=9840, stack(0x000000001d970000,0x000000001da70000)]
  0x000000001b5d9000 JavaThread "Cache worker for journal cache (C:\Users\ronie\.gradle\caches\journal-1)" [_thread_blocked, id=15020, stack(0x000000001d870000,0x000000001d970000)]
  0x000000001b4ef000 JavaThread "Thread-9" [_thread_blocked, id=19008, stack(0x000000001d570000,0x000000001d670000)]
  0x000000001b3c6000 JavaThread "Stdin handler" [_thread_blocked, id=20048, stack(0x000000001d470000,0x000000001d570000)]
  0x000000001b3c4000 JavaThread "Asynchronous log dispatcher for DefaultDaemonConnection: socket connection from /127.0.0.1:22445 to /127.0.0.1:22446" [_thread_blocked, id=5248, stack(0x000000001d370000,0x000000001d470000)]
  0x000000001b3c3000 JavaThread "Daemon worker" [_thread_in_native, id=9976, stack(0x000000001d270000,0x000000001d370000)]
  0x000000001b3c2000 JavaThread "Cancel handler" [_thread_blocked, id=16528, stack(0x000000001d070000,0x000000001d170000)]
  0x000000001b3ac800 JavaThread "Handler for socket connection from /127.0.0.1:22445 to /127.0.0.1:22446" [_thread_in_native, id=10392, stack(0x000000001cf70000,0x000000001d070000)]
  0x000000001b42d800 JavaThread "Daemon" [_thread_blocked, id=3976, stack(0x000000001ce70000,0x000000001cf70000)]
  0x000000001b39c800 JavaThread "Daemon periodic checks" [_thread_blocked, id=10300, stack(0x000000001cb70000,0x000000001cc70000)]
  0x000000001b399800 JavaThread "Incoming local TCP Connector on port 22445" [_thread_in_native, id=7260, stack(0x000000001c910000,0x000000001ca10000)]
  0x000000001b2cc800 JavaThread "Daemon health stats" [_thread_blocked, id=12708, stack(0x000000001c2d0000,0x000000001c3d0000)]
  0x0000000018ae1000 JavaThread "Service Thread" daemon [_thread_blocked, id=11536, stack(0x0000000019730000,0x0000000019830000)]
  0x0000000018a66000 JavaThread "C1 CompilerThread3" daemon [_thread_in_vm, id=4952, stack(0x0000000019630000,0x0000000019730000)]
  0x0000000018a60000 JavaThread "C2 CompilerThread2" daemon [_thread_in_native, id=14132, stack(0x0000000019530000,0x0000000019630000)]
=>0x0000000018a56800 JavaThread "C2 CompilerThread1" daemon [_thread_in_native, id=11728, stack(0x0000000019430000,0x0000000019530000)]
  0x0000000018a52000 JavaThread "C2 CompilerThread0" daemon [_thread_in_vm, id=10028, stack(0x0000000019330000,0x0000000019430000)]
  0x0000000018a50800 JavaThread "Attach Listener" daemon [_thread_blocked, id=8856, stack(0x0000000019230000,0x0000000019330000)]
  0x0000000018a4f000 JavaThread "Signal Dispatcher" daemon [_thread_blocked, id=2268, stack(0x0000000019130000,0x0000000019230000)]
  0x0000000018a40800 JavaThread "Finalizer" daemon [_thread_blocked, id=10004, stack(0x0000000018f20000,0x0000000019020000)]
  0x0000000016c5b800 JavaThread "Reference Handler" daemon [_thread_blocked, id=11672, stack(0x0000000018e20000,0x0000000018f20000)]
  0x0000000002da2800 JavaThread "main" [_thread_blocked, id=14904, stack(0x0000000002bc0000,0x0000000002cc0000)]

Other Threads:
  0x0000000016c56800 VMThread [stack: 0x0000000018920000,0x0000000018a20000] [id=21256]
  0x0000000018ae2000 WatcherThread [stack: 0x0000000019830000,0x0000000019930000] [id=11000]

VM state:not at safepoint (normal execution)

VM Mutex/Monitor currently owned by a thread:  ([mutex/lock_event])
[0x0000000002d2cad0] CodeCache_lock - owner thread: 0x0000000000000000

heap address: 0x00000000a0000000, size: 1536 MB, Compressed Oops mode: 32-bit
Narrow klass base: 0x0000000000000000, Narrow klass shift: 3
Compressed class space size: 1073741824 Address: 0x0000000100000000

Heap:
 PSYoungGen      total 145920K, used 15945K [0x00000000e0000000, 0x00000000ea480000, 0x0000000100000000)
  eden space 134656K, 11% used [0x00000000e0000000,0x00000000e0f925b8,0x00000000e8380000)
  from space 11264K, 0% used [0x00000000e8e80000,0x00000000e8e80000,0x00000000e9980000)
  to   space 6656K, 0% used [0x00000000e9e00000,0x00000000e9e00000,0x00000000ea480000)
 ParOldGen       total 88064K, used 31233K [0x00000000a0000000, 0x00000000a5600000, 0x00000000e0000000)
  object space 88064K, 35% used [0x00000000a0000000,0x00000000a1e80420,0x00000000a5600000)
 Metaspace       used 50604K, capacity 52566K, committed 52824K, reserved 1099776K
  class space    used 6775K, capacity 7189K, committed 7296K, reserved 1048576K

Card table byte_map: [0x0000000012260000,0x0000000012570000] byte_map_base: 0x0000000011d60000

Marking Bits: (ParMarkBitMap*) 0x0000000062ebf030
 Begin Bits: [0x0000000012f70000, 0x0000000014770000)
 End Bits:   [0x0000000014770000, 0x0000000015f70000)

Polling page: 0x0000000000e50000

CodeCache: size=245760Kb used=14191Kb max_used=14191Kb free=231568Kb
 bounds [0x0000000002ea0000, 0x0000000003c90000, 0x0000000011ea0000]
 total_blobs=4952 nmethods=4190 adapters=674
 compilation: enabled

Compilation events (10 events):
Event: 14.223 Thread 0x0000000018a56800 4659       4       java.util.AbstractCollection::addAll (42 bytes)
Event: 14.223 Thread 0x0000000018a52000 4661       4       java.lang.Class::getMethod0 (40 bytes)
Event: 14.225 Thread 0x0000000018a66000 nmethod 4655 0x0000000003c762d0 code [0x0000000003c76940, 0x0000000003c7b2b8]
Event: 14.225 Thread 0x0000000018a66000 4660       3       org.codehaus.groovy.reflection.stdclasses.CachedSAMClass$1::run (5 bytes)
Event: 14.225 Thread 0x0000000018a66000 nmethod 4660 0x000000000312e950 code [0x000000000312eb00, 0x000000000312ee78]
Event: 14.225 Thread 0x0000000018a66000 4658       3       java.lang.ClassValue$ClassValueMap::addToCache (92 bytes)
Event: 14.226 Thread 0x0000000018a66000 nmethod 4658 0x0000000003c7e450 code [0x0000000003c7e6e0, 0x0000000003c7fe50]
Event: 14.226 Thread 0x0000000018a66000 4663       3       org.codehaus.groovy.reflection.CachedClass::getNewMetaMethods (166 bytes)
Event: 14.228 Thread 0x0000000018a66000 nmethod 4663 0x0000000003c80c50 code [0x0000000003c80f40, 0x0000000003c822a8]
Event: 14.228 Thread 0x0000000018a66000 4664       3       groovy.lang.MetaClassImpl::getNewMetaMethods (18 bytes)

GC Heap History (10 events):
Event: 6.450 GC heap before
{Heap before GC invocations=10 (full 1):
 PSYoungGen      total 117760K, used 38059K [0x00000000e0000000, 0x00000000e7f80000, 0x0000000100000000)
  eden space 106496K, 26% used [0x00000000e0000000,0x00000000e1bf70b0,0x00000000e6800000)
  from space 11264K, 83% used [0x00000000e7380000,0x00000000e7cb3cb0,0x00000000e7e80000)
  to   space 11776K, 0% used [0x00000000e6800000,0x00000000e6800000,0x00000000e7380000)
 ParOldGen       total 58880K, used 8977K [0x00000000a0000000, 0x00000000a3980000, 0x00000000e0000000)
  object space 58880K, 15% used [0x00000000a0000000,0x00000000a08c4418,0x00000000a3980000)
 Metaspace       used 34185K, capacity 35328K, committed 35416K, reserved 1079296K
  class space    used 4711K, capacity 4973K, committed 4992K, reserved 1048576K
Event: 6.466 GC heap after
Heap after GC invocations=10 (full 1):
 PSYoungGen      total 118272K, used 8152K [0x00000000e0000000, 0x00000000ea980000, 0x0000000100000000)
  eden space 106496K, 0% used [0x00000000e0000000,0x00000000e0000000,0x00000000e6800000)
  from space 11776K, 69% used [0x00000000e6800000,0x00000000e6ff6070,0x00000000e7380000)
  to   space 11776K, 0% used [0x00000000e9e00000,0x00000000e9e00000,0x00000000ea980000)
 ParOldGen       total 58880K, used 8985K [0x00000000a0000000, 0x00000000a3980000, 0x00000000e0000000)
  object space 58880K, 15% used [0x00000000a0000000,0x00000000a08c6418,0x00000000a3980000)
 Metaspace       used 34185K, capacity 35328K, committed 35416K, reserved 1079296K
  class space    used 4711K, capacity 4973K, committed 4992K, reserved 1048576K
}
Event: 6.466 GC heap before
{Heap before GC invocations=11 (full 2):
 PSYoungGen      total 118272K, used 8152K [0x00000000e0000000, 0x00000000ea980000, 0x0000000100000000)
  eden space 106496K, 0% used [0x00000000e0000000,0x00000000e0000000,0x00000000e6800000)
  from space 11776K, 69% used [0x00000000e6800000,0x00000000e6ff6070,0x00000000e7380000)
  to   space 11776K, 0% used [0x00000000e9e00000,0x00000000e9e00000,0x00000000ea980000)
 ParOldGen       total 58880K, used 8985K [0x00000000a0000000, 0x00000000a3980000, 0x00000000e0000000)
  object space 58880K, 15% used [0x00000000a0000000,0x00000000a08c6418,0x00000000a3980000)
 Metaspace       used 34185K, capacity 35328K, committed 35416K, reserved 1079296K
  class space    used 4711K, capacity 4973K, committed 4992K, reserved 1048576K
Event: 6.561 GC heap after
Heap after GC invocations=11 (full 2):
 PSYoungGen      total 118272K, used 0K [0x00000000e0000000, 0x00000000ea980000, 0x0000000100000000)
  eden space 106496K, 0% used [0x00000000e0000000,0x00000000e0000000,0x00000000e6800000)
  from space 11776K, 0% used [0x00000000e6800000,0x00000000e6800000,0x00000000e7380000)
  to   space 11776K, 0% used [0x00000000e9e00000,0x00000000e9e00000,0x00000000ea980000)
 ParOldGen       total 88064K, used 14534K [0x00000000a0000000, 0x00000000a5600000, 0x00000000e0000000)
  object space 88064K, 16% used [0x00000000a0000000,0x00000000a0e318b0,0x00000000a5600000)
 Metaspace       used 34185K, capacity 35328K, committed 35416K, reserved 1079296K
  class space    used 4711K, capacity 4973K, committed 4992K, reserved 1048576K
}
Event: 8.069 GC heap before
{Heap before GC invocations=12 (full 2):
 PSYoungGen      total 118272K, used 106496K [0x00000000e0000000, 0x00000000ea980000, 0x0000000100000000)
  eden space 106496K, 100% used [0x00000000e0000000,0x00000000e6800000,0x00000000e6800000)
  from space 11776K, 0% used [0x00000000e6800000,0x00000000e6800000,0x00000000e7380000)
  to   space 11776K, 0% used [0x00000000e9e00000,0x00000000e9e00000,0x00000000ea980000)
 ParOldGen       total 88064K, used 14534K [0x00000000a0000000, 0x00000000a5600000, 0x00000000e0000000)
  object space 88064K, 16% used [0x00000000a0000000,0x00000000a0e318b0,0x00000000a5600000)
 Metaspace       used 37148K, capacity 38818K, committed 39000K, reserved 1083392K
  class space    used 5123K, capacity 5450K, committed 5504K, reserved 1048576K
Event: 8.081 GC heap after
Heap after GC invocations=12 (full 2):
 PSYoungGen      total 141312K, used 6648K [0x00000000e0000000, 0x00000000ea480000, 0x0000000100000000)
  eden space 134656K, 0% used [0x00000000e0000000,0x00000000e0000000,0x00000000e8380000)
  from space 6656K, 99% used [0x00000000e9e00000,0x00000000ea47e3d0,0x00000000ea480000)
  to   space 11264K, 0% used [0x00000000e8e80000,0x00000000e8e80000,0x00000000e9980000)
 ParOldGen       total 88064K, used 14542K [0x00000000a0000000, 0x00000000a5600000, 0x00000000e0000000)
  object space 88064K, 16% used [0x00000000a0000000,0x00000000a0e338b0,0x00000000a5600000)
 Metaspace       used 37148K, capacity 38818K, committed 39000K, reserved 1083392K
  class space    used 5123K, capacity 5450K, committed 5504K, reserved 1048576K
}
Event: 13.858 GC heap before
{Heap before GC invocations=13 (full 2):
 PSYoungGen      total 141312K, used 124279K [0x00000000e0000000, 0x00000000ea480000, 0x0000000100000000)
  eden space 134656K, 87% used [0x00000000e0000000,0x00000000e72dfa28,0x00000000e8380000)
  from space 6656K, 99% used [0x00000000e9e00000,0x00000000ea47e3d0,0x00000000ea480000)
  to   space 11264K, 0% used [0x00000000e8e80000,0x00000000e8e80000,0x00000000e9980000)
 ParOldGen       total 88064K, used 14542K [0x00000000a0000000, 0x00000000a5600000, 0x00000000e0000000)
  object space 88064K, 16% used [0x00000000a0000000,0x00000000a0e338b0,0x00000000a5600000)
 Metaspace       used 50083K, capacity 51982K, committed 52184K, reserved 1101824K
  class space    used 6690K, capacity 7064K, committed 7168K, reserved 1048576K
Event: 13.879 GC heap after
Heap after GC invocations=13 (full 2):
 PSYoungGen      total 145920K, used 11244K [0x00000000e0000000, 0x00000000ea480000, 0x0000000100000000)
  eden space 134656K, 0% used [0x00000000e0000000,0x00000000e0000000,0x00000000e8380000)
  from space 11264K, 99% used [0x00000000e8e80000,0x00000000e997b320,0x00000000e9980000)
  to   space 6656K, 0% used [0x00000000e9e00000,0x00000000e9e00000,0x00000000ea480000)
 ParOldGen       total 88064K, used 22661K [0x00000000a0000000, 0x00000000a5600000, 0x00000000e0000000)
  object space 88064K, 25% used [0x00000000a0000000,0x00000000a1621458,0x00000000a5600000)
 Metaspace       used 50083K, capacity 51982K, committed 52184K, reserved 1101824K
  class space    used 6690K, capacity 7064K, committed 7168K, reserved 1048576K
}
Event: 13.879 GC heap before
{Heap before GC invocations=14 (full 3):
 PSYoungGen      total 145920K, used 11244K [0x00000000e0000000, 0x00000000ea480000, 0x0000000100000000)
  eden space 134656K, 0% used [0x00000000e0000000,0x00000000e0000000,0x00000000e8380000)
  from space 11264K, 99% used [0x00000000e8e80000,0x00000000e997b320,0x00000000e9980000)
  to   space 6656K, 0% used [0x00000000e9e00000,0x00000000e9e00000,0x00000000ea480000)
 ParOldGen       total 88064K, used 22661K [0x00000000a0000000, 0x00000000a5600000, 0x00000000e0000000)
  object space 88064K, 25% used [0x00000000a0000000,0x00000000a1621458,0x00000000a5600000)
 Metaspace       used 50083K, capacity 51982K, committed 52184K, reserved 1101824K
  class space    used 6690K, capacity 7064K, committed 7168K, reserved 1048576K
Event: 14.101 GC heap after
Heap after GC invocations=14 (full 3):
 PSYoungGen      total 145920K, used 0K [0x00000000e0000000, 0x00000000ea480000, 0x0000000100000000)
  eden space 134656K, 0% used [0x00000000e0000000,0x00000000e0000000,0x00000000e8380000)
  from space 11264K, 0% used [0x00000000e8e80000,0x00000000e8e80000,0x00000000e9980000)
  to   space 6656K, 0% used [0x00000000e9e00000,0x00000000e9e00000,0x00000000ea480000)
 ParOldGen       total 88064K, used 31233K [0x00000000a0000000, 0x00000000a5600000, 0x00000000e0000000)
  object space 88064K, 35% used [0x00000000a0000000,0x00000000a1e80420,0x00000000a5600000)
 Metaspace       used 50043K, capacity 51850K, committed 52184K, reserved 1099776K
  class space    used 6678K, capacity 7042K, committed 7168K, reserved 1048576K
}

Deoptimization events (10 events):
Event: 12.667 Thread 0x000000001b3c3000 Uncommon trap: reason=unstable_if action=reinterpret pc=0x00000000038ecb3c method=java.security.CodeSource.matchCerts(Ljava/security/CodeSource;Z)Z @ 11
Event: 12.840 Thread 0x000000001b3c3000 Uncommon trap: reason=bimorphic action=maybe_recompile pc=0x0000000003aa23f8 method=java.util.regex.Pattern$CharProperty.match(Ljava/util/regex/Matcher;ILjava/lang/CharSequence;)Z @ 18
Event: 12.840 Thread 0x000000001b3c3000 Uncommon trap: reason=bimorphic action=maybe_recompile pc=0x0000000003aa23f8 method=java.util.regex.Pattern$CharProperty.match(Ljava/util/regex/Matcher;ILjava/lang/CharSequence;)Z @ 18
Event: 12.840 Thread 0x000000001b3c3000 Uncommon trap: reason=bimorphic action=maybe_recompile pc=0x0000000003aa23f8 method=java.util.regex.Pattern$CharProperty.match(Ljava/util/regex/Matcher;ILjava/lang/CharSequence;)Z @ 18
Event: 12.873 Thread 0x000000001b3c3000 Uncommon trap: reason=bimorphic action=maybe_recompile pc=0x0000000003aa23f8 method=java.util.regex.Pattern$CharProperty.match(Ljava/util/regex/Matcher;ILjava/lang/CharSequence;)Z @ 18
Event: 12.876 Thread 0x000000001b3c3000 Uncommon trap: reason=unstable_if action=reinterpret pc=0x0000000003b93e5c method=java.util.concurrent.ConcurrentHashMap.addCount(JI)V @ 110
Event: 13.208 Thread 0x000000001b3c3000 Uncommon trap: reason=unstable_if action=reinterpret pc=0x00000000038a28b0 method=org.gradle.internal.reflect.PropertyAccessorType.of(Ljava/lang/reflect/Method;)Lorg/gradle/internal/reflect/PropertyAccessorType; @ 56
Event: 13.846 Thread 0x000000001b3c3000 Uncommon trap: reason=unstable_if action=reinterpret pc=0x0000000003c39b34 method=com.sun.org.apache.xerces.internal.impl.XMLEntityScanner.checkBeforeLoad(Lcom/sun/xml/internal/stream/Entity$ScannedEntity;II)I @ 18
Event: 14.164 Thread 0x000000001b3c3000 Uncommon trap: reason=unstable_if action=reinterpret pc=0x00000000030c6fb0 method=org.gradle.internal.instantiation.generator.AbstractClassGenerator$InjectionAnnotationValidator.validateMethod(Ljava/lang/reflect/Method;Lorg/gradle/internal/reflect/Propert
Event: 14.164 Thread 0x000000001b3c3000 Uncommon trap: reason=unstable_if action=reinterpret pc=0x000000000330aa7c method=org.gradle.internal.instantiation.generator.AbstractClassGenerator$InjectionAnnotationValidator.validateMethod(Ljava/lang/reflect/Method;Lorg/gradle/internal/reflect/Propert

Classes redefined (0 events):
No events

Internal exceptions (10 events):
Event: 14.209 Thread 0x000000001b3c3000 Exception <a 'java/lang/ClassNotFoundException': com/android/build/gradle/TestedExtensionBeanInfo> (0x00000000e0791a98) thrown at [C:\src\AOSP-openjdk-git\hotspot\src\share\vm\classfile\systemDictionary.cpp, line 210]
Event: 14.209 Thread 0x000000001b3c3000 Exception <a 'java/lang/ClassNotFoundException': com/android/build/gradle/BaseExtensionBeanInfo> (0x00000000e07a9168) thrown at [C:\src\AOSP-openjdk-git\hotspot\src\share\vm\classfile\systemDictionary.cpp, line 210]
Event: 14.209 Thread 0x000000001b3c3000 Exception <a 'java/lang/ClassNotFoundException': com/android/build/gradle/BaseExtensionCustomizer> (0x00000000e07c13a0) thrown at [C:\src\AOSP-openjdk-git\hotspot\src\share\vm\classfile\systemDictionary.cpp, line 210]
Event: 14.210 Thread 0x000000001b3c3000 Exception <a 'java/lang/ClassNotFoundException': com/android/build/gradle/TestedExtensionCustomizer> (0x00000000e0854aa8) thrown at [C:\src\AOSP-openjdk-git\hotspot\src\share\vm\classfile\systemDictionary.cpp, line 210]
Event: 14.211 Thread 0x000000001b3c3000 Exception <a 'java/lang/ClassNotFoundException': com/android/build/gradle/AbstractAppExtensionCustomizer> (0x00000000e088c068) thrown at [C:\src\AOSP-openjdk-git\hotspot\src\share\vm\classfile\systemDictionary.cpp, line 210]
Event: 14.212 Thread 0x000000001b3c3000 Exception <a 'java/lang/ClassNotFoundException': com/android/build/gradle/AppExtensionCustomizer> (0x00000000e08bd0f8) thrown at [C:\src\AOSP-openjdk-git\hotspot\src\share\vm\classfile\systemDictionary.cpp, line 210]
Event: 14.213 Thread 0x000000001b3c3000 Exception <a 'java/lang/ClassNotFoundException': com/android/build/gradle/internal/dsl/BaseAppModuleExtensionCustomizer> (0x00000000e08f2360) thrown at [C:\src\AOSP-openjdk-git\hotspot\src\share\vm\classfile\systemDictionary.cpp, line 210]
Event: 14.216 Thread 0x000000001b3c3000 Exception <a 'java/lang/ClassNotFoundException': com/android/build/gradle/internal/dsl/BaseAppModuleExtension_DecoratedCustomizer> (0x00000000e0a05e38) thrown at [C:\src\AOSP-openjdk-git\hotspot\src\share\vm\classfile\systemDictionary.cpp, line 210]
Event: 14.221 Thread 0x000000001b3c3000 Exception <a 'java/lang/ClassNotFoundException': org/gradle/api/internal/NamedDomainObjectContainerConfigureDelegateBeanInfo> (0x00000000e0b5cb30) thrown at [C:\src\AOSP-openjdk-git\hotspot\src\share\vm\classfile\systemDictionary.cpp, line 210]
Event: 14.221 Thread 0x000000001b3c3000 Exception <a 'java/lang/ClassNotFoundException': org/gradle/api/internal/NamedDomainObjectContainerConfigureDelegateCustomizer> (0x00000000e0ba5d48) thrown at [C:\src\AOSP-openjdk-git\hotspot\src\share\vm\classfile\systemDictionary.cpp, line 210]

Events (10 events):
Event: 14.221 loading class org/gradle/api/internal/NamedDomainObjectContainerConfigureDelegateCustomizer
Event: 14.221 loading class org/gradle/api/internal/NamedDomainObjectContainerConfigureDelegateCustomizer done
Event: 14.221 loading class org/gradle/api/internal/NamedDomainObjectContainerConfigureDelegateCustomizer
Event: 14.221 loading class org/gradle/api/internal/NamedDomainObjectContainerConfigureDelegateCustomizer done
Event: 14.221 loading class org/gradle/api/internal/NamedDomainObjectContainerConfigureDelegateCustomizer
Event: 14.221 loading class org/gradle/api/internal/NamedDomainObjectContainerConfigureDelegateCustomizer done
Event: 14.222 loading class groovy/runtime/metaclass/build_2nppj23pz7toobxn1b1qldsre$_run_closure1$_closure3$_closure6MetaClass
Event: 14.222 loading class groovy/runtime/metaclass/build_2nppj23pz7toobxn1b1qldsre$_run_closure1$_closure3$_closure6MetaClass done
Event: 14.223 loading class groovy/runtime/metaclass/org/gradle/api/internal/FactoryNamedDomainObjectContainer_DecoratedMetaClass
Event: 14.223 loading class groovy/runtime/metaclass/org/gradle/api/internal/FactoryNamedDomainObjectContainer_DecoratedMetaClass done


Dynamic libraries:
0x00007ff6c1320000 - 0x00007ff6c1351000 	C:\Program Files\Android\Android Studio\jre\bin\java.exe
0x00007ffe24e00000 - 0x00007ffe24ff0000 	C:\WINDOWS\SYSTEM32\ntdll.dll
0x00007ffe23e90000 - 0x00007ffe23f42000 	C:\WINDOWS\System32\KERNEL32.DLL
0x00007ffe21f90000 - 0x00007ffe22235000 	C:\WINDOWS\System32\KERNELBASE.dll
0x00007ffe23540000 - 0x00007ffe235e3000 	C:\WINDOWS\System32\ADVAPI32.dll
0x00007ffe24590000 - 0x00007ffe2462e000 	C:\WINDOWS\System32\msvcrt.dll
0x00007ffe23f50000 - 0x00007ffe23fe7000 	C:\WINDOWS\System32\sechost.dll
0x00007ffe23050000 - 0x00007ffe23170000 	C:\WINDOWS\System32\RPCRT4.dll
0x00007ffe240d0000 - 0x00007ffe24264000 	C:\WINDOWS\System32\USER32.dll
0x00007ffe22550000 - 0x00007ffe22571000 	C:\WINDOWS\System32\win32u.dll
0x00007ffe244d0000 - 0x00007ffe244f6000 	C:\WINDOWS\System32\GDI32.dll
0x00007ffe21df0000 - 0x00007ffe21f86000 	C:\WINDOWS\System32\gdi32full.dll
0x00007ffe22360000 - 0x00007ffe223fe000 	C:\WINDOWS\System32\msvcp_win.dll
0x00007ffe22260000 - 0x00007ffe2235a000 	C:\WINDOWS\System32\ucrtbase.dll
0x00007ffe127e0000 - 0x00007ffe12a64000 	C:\WINDOWS\WinSxS\amd64_microsoft.windows.common-controls_6595b64144ccf1df_6.0.18362.1139_none_9e7bf2d3e4605ac6\COMCTL32.dll
0x00007ffe23200000 - 0x00007ffe23535000 	C:\WINDOWS\System32\combase.dll
0x00007ffe22e30000 - 0x00007ffe22eb0000 	C:\WINDOWS\System32\bcryptPrimitives.dll
0x00007ffe23ff0000 - 0x00007ffe2401e000 	C:\WINDOWS\System32\IMM32.DLL
0x0000000062610000 - 0x00000000626e2000 	C:\Program Files\Android\Android Studio\jre\jre\bin\msvcr100.dll
0x00000000626f0000 - 0x0000000062f3b000 	C:\Program Files\Android\Android Studio\jre\jre\bin\server\jvm.dll
0x00007ffe24630000 - 0x00007ffe24638000 	C:\WINDOWS\System32\PSAPI.DLL
0x00007ffe176b0000 - 0x00007ffe176d4000 	C:\WINDOWS\SYSTEM32\WINMM.dll
0x00007ffe1c580000 - 0x00007ffe1c58a000 	C:\WINDOWS\SYSTEM32\VERSION.dll
0x00007ffe139c0000 - 0x00007ffe139c9000 	C:\WINDOWS\SYSTEM32\WSOCK32.dll
0x00007ffe24460000 - 0x00007ffe244cf000 	C:\WINDOWS\System32\WS2_32.dll
0x00007ffe17470000 - 0x00007ffe1749d000 	C:\WINDOWS\SYSTEM32\winmmbase.dll
0x00007ffe225b0000 - 0x00007ffe225fa000 	C:\WINDOWS\System32\cfgmgr32.dll
0x00007ffe16c40000 - 0x00007ffe16c4f000 	C:\Program Files\Android\Android Studio\jre\jre\bin\verify.dll
0x00007ffdf6a30000 - 0x00007ffdf6a59000 	C:\Program Files\Android\Android Studio\jre\jre\bin\java.dll
0x00007ffe00b70000 - 0x00007ffe00b86000 	C:\Program Files\Android\Android Studio\jre\jre\bin\zip.dll
0x00007ffe235f0000 - 0x00007ffe23cd7000 	C:\WINDOWS\System32\SHELL32.dll
0x00007ffe24020000 - 0x00007ffe240c9000 	C:\WINDOWS\System32\shcore.dll
0x00007ffe22600000 - 0x00007ffe22d80000 	C:\WINDOWS\System32\windows.storage.dll
0x00007ffe21d60000 - 0x00007ffe21d83000 	C:\WINDOWS\System32\profapi.dll
0x00007ffe21cf0000 - 0x00007ffe21d3a000 	C:\WINDOWS\System32\powrprof.dll
0x00007ffe21cc0000 - 0x00007ffe21cd0000 	C:\WINDOWS\System32\UMPDC.dll
0x00007ffe24d50000 - 0x00007ffe24da2000 	C:\WINDOWS\System32\shlwapi.dll
0x00007ffe21d40000 - 0x00007ffe21d51000 	C:\WINDOWS\System32\kernel.appcore.dll
0x00007ffe22240000 - 0x00007ffe22257000 	C:\WINDOWS\System32\cryptsp.dll
0x00007ffdfda00000 - 0x00007ffdfda1a000 	C:\Program Files\Android\Android Studio\jre\jre\bin\net.dll
0x00007ffe21510000 - 0x00007ffe21577000 	C:\WINDOWS\system32\mswsock.dll
0x00007ffdf5150000 - 0x00007ffdf5163000 	C:\Program Files\Android\Android Studio\jre\jre\bin\nio.dll
0x00007ffdef730000 - 0x00007ffdef757000 	C:\Users\ronie\.gradle\native\f6784746aeab05261644944871eae4fe03e0ef1612fff0a4a95f87b438bc6780\windows-amd64\native-platform.dll
0x00007ffe16440000 - 0x00007ffe1644d000 	C:\Program Files\Android\Android Studio\jre\jre\bin\management.dll
0x00007ffe21080000 - 0x00007ffe210b3000 	C:\WINDOWS\system32\rsaenh.dll
0x00007ffe22580000 - 0x00007ffe225a6000 	C:\WINDOWS\System32\bcrypt.dll
0x00007ffe21be0000 - 0x00007ffe21c05000 	C:\WINDOWS\SYSTEM32\USERENV.dll
0x00007ffe216e0000 - 0x00007ffe216ec000 	C:\WINDOWS\SYSTEM32\CRYPTBASE.dll
0x00007ffe21220000 - 0x00007ffe2125a000 	C:\WINDOWS\SYSTEM32\IPHLPAPI.DLL
0x00007ffe24db0000 - 0x00007ffe24db8000 	C:\WINDOWS\System32\NSI.dll
0x00007ffe1e380000 - 0x00007ffe1e396000 	C:\WINDOWS\SYSTEM32\dhcpcsvc6.DLL
0x00007ffe1e350000 - 0x00007ffe1e36c000 	C:\WINDOWS\SYSTEM32\dhcpcsvc.DLL
0x00007ffe21260000 - 0x00007ffe2132b000 	C:\WINDOWS\SYSTEM32\DNSAPI.dll
0x00007ffe1efc0000 - 0x00007ffe1efcb000 	C:\WINDOWS\SYSTEM32\WINNSI.DLL

VM Arguments:
jvm_args: -Xmx1536m -Dfile.encoding=windows-1252 -Duser.country=BR -Duser.language=pt -Duser.variant 
java_command: org.gradle.launcher.daemon.bootstrap.GradleDaemon 6.5
java_class_path (initial): C:\Users\ronie\.gradle\wrapper\dists\gradle-6.5-all\2oz4ud9k3tuxjg84bbf55q0tn\gradle-6.5\lib\gradle-launcher-6.5.jar
Launcher Type: SUN_STANDARD

Environment Variables:
JAVA_HOME=C:\Program Files\Java\jdk-11.0.2
PATH=C:\ProgramData\Oracle\Java\javapath;C:\Program Files (x86)\Common Files\Oracle\Java\javapath;C:\Program Files (x86)\Embarcadero\Studio\20.0\bin;C:\Users\Public\Documents\Embarcadero\Studio\20.0\Bpl;C:\Program Files (x86)\Embarcadero\Studio\20.0\bin64;C:\Users\Public\Documents\Embarcadero\Studio\20.0\Bpl\Win64;C:\WINDOWS\system32;C:\WINDOWS;C:\WINDOWS\System32\Wbem;C:\WINDOWS\System32\WindowsPowerShell\v1.0\;C:\WINDOWS\System32\OpenSSH\;C:\Program Files\TortoiseSVN\bin;C:\Program Files\dotnet\;C:\Program Files\Microsoft SQL Server\130\Tools\Binn\;C:\Program Files (x86)\Intel\Intel(R) Management Engine Components\DAL;C:\Program Files\Intel\Intel(R) Management Engine Components\DAL;C:\Program Files\nodejs\;C:\Program Files\Git\cmd;C:\Program Files\Microsoft VS Code\bin;C:\Program Files (x86)\Microsoft SQL Server\150\Tools\Binn\;C:\Program Files\Microsoft SQL Server\150\Tools\Binn\;C:\Program Files (x86)\Microsoft SQL Server\150\DTS\Binn\;C:\Program Files\Microsoft SQL Server\150\DTS\Binn\;C:\Program Files\Microsoft SQL Server\Client SDK\ODBC\170\Tools\Binn\;C:\Program Files\Liquid Technologies\Liquid Studio 2020\XmlDataBinder18\Redist18\cpp\win32\bin;C:\Program Files\Liquid Technologies\Liquid Studio 2020\XmlDataBinder18\Redist18\cpp\win64\bin;C:\Users\ronie\AppData\Roaming\npm;C:\Program Files\Java\jdk-11.0.2\bin;C:\Users\ronie\AppData\Local\Microsoft\WindowsApps;C:\Users\Public\Documents\Embarcadero\Studio\20.0\Bpl;
USERNAME=ronie
OS=Windows_NT
PROCESSOR_IDENTIFIER=Intel64 Family 6 Model 142 Stepping 10, GenuineIntel



---------------  S Y S T E M  ---------------

OS: Windows 10.0 , 64 bit Build 18362 (10.0.18362.1110)

CPU:total 8 (initial active 8) (4 cores per cpu, 2 threads per core) family 6 model 142 stepping 10, cmov, cx8, fxsr, mmx, sse, sse2, sse3, ssse3, sse4.1, sse4.2, popcnt, avx, avx2, aes, clmul, erms, 3dnowpref, lzcnt, ht, tsc, tscinvbit, bmi1, bmi2, adx

Memory: 4k page, physical 8260876k(171612k free), swap 16649484k(0k free)

vm_info: OpenJDK 64-Bit Server VM (25.242-b01) for windows-amd64 JRE (1.8.0_242-release-1644-b01), built by "builder" with MS VC++ 10.0 (VS2010)

time: Thu Nov 05 16:32:14 2020
timezone: Hora oficial do Brasil
elapsed time: 14 seconds (0d 0h 0m 14s)

